[22:08:04.297] [INFO] storybook v10.3.3
[22:08:04.623] [DEBUG] Getting package.json info for /home/sandbox/Documents/brodora/core/storybook/package.json...
[22:08:04.636] [ERROR] [38;2;241;97;97mSB_CORE-SERVER_0002 (CriticalPresetLoadError): Storybook failed to load the following preset: @storybook/react-vite/preset.

Please check whether your setup is correct, the Storybook dependencies (and their peer dependencies) are installed correctly and there are no package version clashes.

If you believe this is a bug, please open an issue on Github.

Error [ERR_MODULE_NOT_FOUND]: Cannot find package '@storybook/react-vite' imported from /home/sandbox/Documents/brodora/node_modules/.pnpm/storybook@10.3.3_@testing-library+dom@10.4.1_prettier@3.8.1_react-dom@19.2.4_react@19.2.4__react@19.2.4/node_modules/storybook/dist/_node-chunks/chunk-GMFDJH6Z.js
    at packageResolve (node:internal/modules/esm/resolve:873:9)
    at moduleResolve (node:internal/modules/esm/resolve:946:18)
    at defaultResolve (node:internal/modules/esm/resolve:1188:11)
    at nextResolve (node:internal/modules/esm/hooks:864:28)
    at Hooks.resolve (node:internal/modules/esm/hooks:306:30)
    at handleMessage (node:internal/modules/esm/worker:196:24)
    at checkForMessages (node:internal/modules/esm/worker:138:28)
    at process.<anonymous> (node:internal/modules/esm/worker:157:5)
    at process.emit (node:events:524:28)

More info: 
[39m
    at loadPreset (file:///home/sandbox/Documents/brodora/node_modules/.pnpm/storybook@10.3.3_@testing-library+dom@10.4.1_prettier@3.8.1_react-dom@19.2.4_react@19.2.4__react@19.2.4/node_modules/storybook/dist/_node-chunks/chunk-NQBOIYE4.js:10081:13)
    at async Promise.all (index 0)
    at async loadPresets (file:///home/sandbox/Documents/brodora/node_modules/.pnpm/storybook@10.3.3_@testing-library+dom@10.4.1_prettier@3.8.1_react-dom@19.2.4_react@19.2.4__react@19.2.4/node_modules/storybook/dist/_node-chunks/chunk-NQBOIYE4.js:10090:73)
    at async getPresets (file:///home/sandbox/Documents/brodora/node_modules/.pnpm/storybook@10.3.3_@testing-library+dom@10.4.1_prettier@3.8.1_react-dom@19.2.4_react@19.2.4__react@19.2.4/node_modules/storybook/dist/_node-chunks/chunk-NQBOIYE4.js:10121:23)
    at async buildDevStandalone (file:///home/sandbox/Documents/brodora/node_modules/.pnpm/storybook@10.3.3_@testing-library+dom@10.4.1_prettier@3.8.1_react-dom@19.2.4_react@19.2.4__react@19.2.4/node_modules/storybook/dist/core-server/index.js:7964:52)
    at async withTelemetry (file:///home/sandbox/Documents/brodora/node_modules/.pnpm/storybook@10.3.3_@testing-library+dom@10.4.1_prettier@3.8.1_react-dom@19.2.4_react@19.2.4__react@19.2.4/node_modules/storybook/dist/_node-chunks/chunk-6PADJQ3N.js:218:12)
    at async dev (file:///home/sandbox/Documents/brodora/node_modules/.pnpm/storybook@10.3.3_@testing-library+dom@10.4.1_prettier@3.8.1_react-dom@19.2.4_react@19.2.4__react@19.2.4/node_modules/storybook/dist/bin/core.js:2736:3)
    at async _Command.<anonymous> (file:///home/sandbox/Documents/brodora/node_modules/.pnpm/storybook@10.3.3_@testing-library+dom@10.4.1_prettier@3.8.1_react-dom@19.2.4_react@19.2.4__react@19.2.4/node_modules/storybook/dist/bin/core.js:2806:92)
[22:08:04.643] [WARN] Broken build, fix the error above.
You may need to refresh the browser.